bash-4.2$ time nvprof lar -n 1 -c sim.fcl cosmic-1/g4.root 
The following module labels are either not assigned to any path,
or they have been assigned to ignored path(s):
'out', 'plopper'
%MSG-i MF_INIT_OK:  Early 14-Feb-2021 11:21:57 PST JobSetup
Messagelogger initialization complete.
%MSG
[11:21:58.482] D [  sys   ] loaded plugin #1 "WireCellPgraph" from library "libWireCellPgraph.so": 0x7c1fe0
[11:21:58.482] D [  sys   ] loaded plugin #2 "WireCellGen" from library "libWireCellGen.so": 0x7cd600
[11:21:58.491] D [  sys   ] loaded plugin #3 "WireCellGenKokkos" from library "libWireCellGenKokkos.so": 0x7671f0
[11:21:58.497] D [  sys   ] loaded plugin #4 "WireCellSio" from library "libWireCellSio.so": 0x805970
[11:21:58.680] D [  sys   ] loaded plugin #5 "WireCellRoot" from library "libWireCellRoot.so": 0x839da0
[11:21:58.753] D [  sys   ] loaded plugin #6 "WireCellLarsoft" from library "libWireCellLarsoft.so": 0x86f5a0
[11:21:58.766] D [  sys   ] loaded plugin #7 "WireCellTbb" from library "libWireCellTbb.so": 0x8701f0
[11:21:58.778] D [  sys   ] loaded plugin #8 "WireCellImg" from library "libWireCellImg.so": 0x870c80
[11:21:58.796] D [  sys   ] loaded plugin #9 "WireCellHio" from library "libWireCellHio.so": 0x8c0ff0
Kokkos::initializing
Kokkos::initialized
[11:21:58.798] D [  sim   ] Drifter: time offset: 0.0 ms, drift speed: 1.6 mm/us
[11:21:58.799] I [  wct   ] loading compressed json file: /opt/wire-cell-data/protodune-wires-larsoft-v4.json.bz2
[11:22:01.470] D [  geom  ] AnodePlane: X planes: "cathode"@ -0.025400000000000093m, "response"@-3.4941375m, "anode"@-3.57985m
[11:22:01.474] D [  geom  ] AnodePlane: face:0, plane:0, origin:true mm
[11:22:01.477] D [  geom  ] AnodePlane: face:0, plane:1, origin:true mm
[11:22:01.479] D [  geom  ] AnodePlane: face:0, plane:2, origin:true mm
[11:22:01.480] D [  geom  ] AnodePlane: face:0 with 3 planes and sensvol: [(-3579.85 76.1 3.35) --> (-25.4 6060 2303.37)]
[11:22:01.480] D [  geom  ] anode 0 face 1 is not sensitive
[11:22:01.480] D [  geom  ] AnodePlane: X planes: "cathode"@ 0.0m, "response"@0.0m, "anode"@0.0m
[11:22:01.483] D [  geom  ] AnodePlane: face:1, plane:0, origin:true mm
[11:22:01.485] D [  geom  ] AnodePlane: face:1, plane:1, origin:true mm
[11:22:01.486] D [  geom  ] AnodePlane: face:1, plane:2, origin:true mm
[11:22:01.486] D [  geom  ] AnodePlane: face:1 with 3 planes and sensvol: [(0 0 0) --> (0 0 0)]
[11:22:01.487] I [  wct   ] loading compressed json file: /opt/wire-cell-data/dune-garfield-1d565.json.bz2
[11:22:02.897] D [  geom  ] PIR: short response ColdElecResponse has different number of samples (6125) than expected (200)
[11:22:02.899] D [  geom  ] PIR: long response RCResponse has different number of samples (6125) than expected (6174)
[11:22:02.905] D [  geom  ] PIR: short response ColdElecResponse has different number of samples (6125) than expected (200)
[11:22:02.905] D [  geom  ] PIR: long response RCResponse has different number of samples (6125) than expected (6174)
[11:22:02.907] D [  geom  ] PIR: short response ColdElecResponse has different number of samples (6125) than expected (200)
[11:22:02.907] D [  geom  ] PIR: long response RCResponse has different number of samples (6125) than expected (6174)
[11:22:02.910] D [  sim   ] Gen::Reframer: using anode: "AnodePlane:apa0"
[11:22:02.910] D [  sim   ] EmpiricalNoiseModel: using anode AnodePlane:apa0, chanstat 
[11:22:02.910] I [  wct   ] loading compressed json file: /opt/wire-cell-data/protodune-noise-spectra-v1.json.bz2
[11:22:02.915] D [  sim   ] AddNoise: using IRandom: "Random", IChannelSpectrum: "EmpiricalNoiseModel:empericalnoise-apa0"
[11:22:02.916] D [  sim   ] Gen::Digitizer: tag="orig0", resolution=12 bits, maxvalue=4096 counts, gain=1, fullscale=[200,1600] mV, baselines=[1003,1003,508] mV
[11:22:02.928] D [ pgraph ] connecting: 10 edges
Inputer: "wclsSimDepoSource:"
14-Feb-2021 11:22:03 PST  Initiating request to open input file "cosmic-1/g4.root"
14-Feb-2021 11:22:03 PST  Opened input file "cosmic-1/g4.root"
Begin processing the 1st record. run: 1 subRun: 0 event: 1 at 14-Feb-2021 11:22:03 PST
SimDepoSource got 578267 depos from art tag "InputTag:  label = IonAndScint, instance = " returns: okay
SimDepoSource: ready with 578267 depos spanning: [-3257.21, 2995.78]us
[11:22:04.730] D [ pgraph ] executing with 11 nodes
[11:22:39.256] D [  sim   ] xregion: anode: -3579.85 mm, response: -3494.1375 mm, cathode: -25.40000000000009 mm, flushing 36809
[11:22:39.272] D [  sim   ] xregion: anode: 0.0 mm, response: 0.0 mm, cathode: 0.0 mm, flushing 0
[11:22:39.272] D [  sim   ] xregion: anode: 3579.85 mm, response: 3494.1375 mm, cathode: 25.40000000000009 mm, flushing 64866
[11:22:39.330] D [  sim   ] at EOS, dropped 3144 / 578267 depos from stream, outside of all 3 drift regions
[11:22:42.657] D [  sim   ] anode: 0, face: 0, processing 45073 depos spanning t:[-0.31249048966653553,2.749972357227511]ms, bb:[(-357.985 7.61 0.335)-->(-2.54 606 230.337)]cm
[11:22:42.657] D [  sim   ] anode: 0, face: 0, dropped 204940 depos spanning t:[-0.312483845727663,2.7499986339248395]ms, outside bb:[(-357.985 7.61 0.335)-->(-2.54 606 230.337)]cm
get_charge_vec() : get_charge_vec() part1 running time : 2.4177e-05
get_charge_vec() : get_charge_vec() part2 running time : 0.00354729
get_charge_vec() : get_charge_vec() part3 running time : 1.404
get_charge_vec() : set_sampling() running time : 0.639938, counter : 45073
get_charge_vec() : m_fluctuate : 0x8d12a0
get_charge_vec() : set_sampling() part1 time : 0.0992534, part2 time : 0.330972, part3 time : 0.191561
[11:23:14.981] D [  sim   ] ImpactTransform::ImpactTransform() : get_charge_vec() Total running time : 1.4121678799856454
[11:23:19.409] D [  sim   ] ImpactTransform: # of channels: 1280 # of ticks: 6655
get_charge_vec() : get_charge_vec() part1 running time : 2.9667e-05
get_charge_vec() : get_charge_vec() part2 running time : 0.00725184
get_charge_vec() : get_charge_vec() part3 running time : 2.84215
get_charge_vec() : set_sampling() running time : 1.33077, counter : 45073
get_charge_vec() : m_fluctuate : 0x8d12a0
get_charge_vec() : set_sampling() part1 time : 0.204908, part2 time : 0.686592, part3 time : 0.401954
[11:23:54.168] D [  sim   ] ImpactTransform::ImpactTransform() : get_charge_vec() Total running time : 2.859106516931206
[11:23:58.208] D [  sim   ] ImpactTransform: # of channels: 1120 # of ticks: 6655
get_charge_vec() : get_charge_vec() part1 running time : 3.52821e-05
get_charge_vec() : get_charge_vec() part2 running time : 0.008734
get_charge_vec() : get_charge_vec() part3 running time : 4.25837
get_charge_vec() : set_sampling() running time : 2.01353, counter : 45073
get_charge_vec() : m_fluctuate : 0x8d12a0
get_charge_vec() : set_sampling() part1 time : 0.308357, part2 time : 1.03998, part3 time : 0.608727
[11:24:32.990] D [  sim   ] ImpactTransform::ImpactTransform() : get_charge_vec() Total running time : 4.279366208938882
[11:24:34.459] D [  sim   ] ImpactTransform: # of channels: 512 # of ticks: 6655
[11:24:34.822] D [  sim   ] anode 0 face 1 is marked insensitive, skipping
[11:24:35.037] D [  sim   ] Gen::Reframer: frame 100 2560 traces, 6000 ticks
========== KokkosTestFrameFilter: start ==========
  Computed result for 4096 x 1024 is 4194304.000000
  N( 4096 ) M( 1024 ) nrepeat ( 100 ) problem( 33.5954 MB ) time( 0.556936 s ) bandwidth( 6.03218 GB/s )
========== KokkosTestFrameFilter: end ==========
[11:24:36.331] D [   io   ] AnodePlane:apa0: t: 0 - 5999; c: 0 - 2559
[11:24:36.331] D [   io   ] HDF5FrameTap: chunking ncols=0 nrows=0
[11:24:36.331] D [   io   ] HDF5FrameTap: gzip_level 2
[11:24:36.331] D [   io   ] HDF5FrameTap: see frame #100 with 2560 traces with frame tags: "orig0" and trace tags: looking for tags: "orig0"
[11:24:36.331] D [   io   ] HDF5FrameTap: save 2560 tagged as orig0
[11:24:36.331] D [   io   ] HDF5FrameTap: saving ncols=6000 nrows=2560
[11:24:36.331] D [   io   ] HDF5FrameTap: chunking ncols=6000 nrows=2560
[11:24:38.430] D [   io   ] HDF5FrameTap: saved /100/frame_orig0 with 2560 channels 6000 ticks @t=-0.25 ms qtot=27668064000.0
[11:24:38.434] D [  glue  ] sink frame: #100 @-0.25 with 2560 traces, frame tags:[orig0], trace tags:[]
[11:24:38.435] D [  sim   ] Gen::Digitizer: EOS
[11:24:38.435] D [   io   ] HDF5FrameTap: EOS
[11:24:38.435] D [  glue  ] frame sink sees EOS
[11:24:38.435] I [ timer  ] Timer: WireCell::GenKokkos::DepoTransform : 113.76 sec
[11:24:38.435] I [ timer  ] Timer: WireCell::Gen::Drifter : 3.9599967 sec
[11:24:38.435] I [ timer  ] Timer: WireCell::Hio::HDF5FrameTap : 3.3799992 sec
[11:24:38.435] I [ timer  ] Timer: WireCell::Gen::DepoBagger : 3.0699975 sec
[11:24:38.435] I [ timer  ] Timer: WireCell::Gen::DepoFanout : 2.3299983 sec
[11:24:38.435] I [ timer  ] Timer: WireCell::GenKokkos::KokkosTestFrameFilter : 1.8799992 sec
[11:24:38.435] I [ timer  ] Timer: WireCell::Gen::Digitizer : 1.759999 sec
[11:24:38.435] I [ timer  ] Timer: wcls::SimDepoSource : 1.5699989 sec
[11:24:38.435] I [ timer  ] Timer: WireCell::Gen::DumpFrames : 1.459999 sec
[11:24:38.435] I [ timer  ] Timer: WireCell::Gen::AddNoise : 1.3299993 sec
[11:24:38.435] I [ timer  ] Timer: WireCell::Gen::Reframer : 1.2699991 sec
[11:24:38.435] I [ timer  ] Timer: Total node execution : 135.76998829841614 sec
14-Feb-2021 11:24:38 PST  Closed input file "cosmic-1/g4.root"

TrigReport ---------- Event  Summary ------------
TrigReport Events total = 1 passed = 1 failed = 0

TimeReport ---------- Time  Summary ---[sec]----
TimeReport CPU = 154.537584 Real = 154.819828

MemReport  ---------- Memory  Summary ---[base-10 MB]----
MemReport  VmPeak = 3491.95 VmHWM = 3135.22

Kokkos::finalizing
Kokkos::finalized
Art has completed and will exit with status 0.
======== Warning: The path to CUPTI and CUDA Injection libraries might not be set in LD_LIBRARY_PATH. By default, CUPTI library is installed in /usr/local/<cuda-toolkit>/extras/CUPTI/lib64 or /usr/local/<cuda-toolkit>/targets/<arch>/lib and CUDA Injection library is installed in /usr/local/<cuda-toolkit>/targets/<arch>/lib
======== Warning: No profile data collected.

real	2m41.106s
user	2m21.163s
sys	0m19.604s
